<?xml version="1.0" encoding="UTF-8"?>
<!-- Generated by org.testng.reporters.JUnitXMLReporter -->
<testsuite ignored="0" hostname="EC2AMAZ-8KL45D2" failures="0" tests="7" name="test-1" time="6.785" errors="0" timestamp="2024-10-07T09:00:34 UTC">
  <testcase classname="com.spree.test.Countries" name="T01_getDefaultCountries" time="2.54"/>
  <testcase classname="com.spree.test.Countries" name="T02_retrieveaCountry" time="0.23"/>
  <testcase classname="com.spree.test.Countries" name="T02_retrieveaCountry" time="0.205"/>
  <testcase classname="com.spree.test.Countries" name="T02_retrieveaCountry" time="0.364"/>
  <testcase classname="com.spree.test.Countries" name="T02_retrieveaCountry" time="0.363"/>
  <testcase classname="com.spree.test.Countries" name="T02_retrieveaCountry" time="0.176"/>
  <testcase classname="com.spree.test.Countries" name="T03_listallCountries" time="1.69"/>
</testsuite> <!-- test-1 -->
